<?xml version="1.0" encoding="UTF-8"?>
<!-- Generated by org.testng.reporters.JUnitReportReporter -->
<testsuite hostname="Invicta-16" failures="0" tests="1" name="TestCases.HomePageTest" time="0.000" errors="0" timestamp="27 Jan 2023 05:31:12 GMT" skipped="1">
  <testcase classname="TestCases.HomePageTest" name="mainn" time="0.000">
    <skipped/>
  </testcase> <!-- mainn -->
</testsuite> <!-- TestCases.HomePageTest -->
