<?xml version="1.0" encoding="UTF-8"?>
<!-- Generated by org.testng.reporters.JUnitReportReporter -->
<testsuite hostname="Invicta-16" failures="0" tests="1" name="TestCases.AdminTest" time="20.410" errors="0" timestamp="27 Jan 2023 12:07:41 GMT" skipped="0">
  <testcase classname="TestCases.AdminTest" name="adminButton" time="20.410"/>
</testsuite> <!-- TestCases.AdminTest -->
