<?xml version="1.0" encoding="UTF-8"?>
<!-- Generated by org.testng.reporters.JUnitReportReporter -->
<testsuite hostname="Invicta-16" failures="0" tests="1" name="TestCases.ProjectTest" time="12.897" errors="0" timestamp="27 Jan 2023 09:13:32 GMT" skipped="0">
  <testcase classname="TestCases.ProjectTest" name="addNewCustomer" time="12.897"/>
</testsuite> <!-- TestCases.ProjectTest -->
