<?xml version="1.0" encoding="UTF-8"?>
<!-- Generated by org.testng.reporters.JUnitReportReporter -->
<testsuite hostname="Invicta-16" failures="0" tests="1" name="TestCases.SourceTest" time="2.874" errors="0" timestamp="27 Jan 2023 08:32:39 GMT" skipped="0">
  <testcase classname="TestCases.SourceTest" name="Login" time="2.874"/>
</testsuite> <!-- TestCases.SourceTest -->
