<?xml version="1.0" encoding="UTF-8"?>
<!-- Generated by org.testng.reporters.JUnitReportReporter -->
<testsuite hostname="Invicta-16" failures="0" tests="1" name="TestCases.AddPlantButtoncheck" time="12.394" errors="0" timestamp="27 Jan 2023 09:34:32 GMT" skipped="0">
  <testcase classname="TestCases.AddPlantButtoncheck" name="AddPlantButtoncheck" time="12.394"/>
</testsuite> <!-- TestCases.AddPlantButtoncheck -->
